C:\USERS\YC\DOWNLOADS\CODE\C_DAY2\USE_SCANF\DEBUG\MAIN.OBJ
C:\USERS\YC\DOWNLOADS\CODE\C_DAY2\USE_SCANF\DEBUG\VC110.PDB
C:\USERS\YC\DOWNLOADS\CODE\C_DAY2\DEBUG\USE_SCANF.ILK
C:\USERS\YC\DOWNLOADS\CODE\C_DAY2\DEBUG\USE_SCANF.EXE
C:\USERS\YC\DOWNLOADS\CODE\C_DAY2\DEBUG\USE_SCANF.PDB
C:\Users\YC\Downloads\Code\c_day2\use_scanf\Debug\main.obj
C:\Users\YC\Downloads\Code\c_day2\use_scanf\Debug\cl.command.1.tlog
C:\Users\YC\Downloads\Code\c_day2\use_scanf\Debug\CL.read.1.tlog
C:\Users\YC\Downloads\Code\c_day2\use_scanf\Debug\CL.write.1.tlog
C:\Users\YC\Downloads\Code\c_day2\use_scanf\Debug\link-cvtres.read.1.tlog
C:\Users\YC\Downloads\Code\c_day2\use_scanf\Debug\link-cvtres.write.1.tlog
C:\Users\YC\Downloads\Code\c_day2\use_scanf\Debug\link-rc.read.1.tlog
C:\Users\YC\Downloads\Code\c_day2\use_scanf\Debug\link-rc.write.1.tlog
C:\Users\YC\Downloads\Code\c_day2\use_scanf\Debug\link.command.1.tlog
C:\Users\YC\Downloads\Code\c_day2\use_scanf\Debug\link.read.1.tlog
C:\Users\YC\Downloads\Code\c_day2\use_scanf\Debug\link.write.1.tlog
C:\Users\YC\Downloads\Code\c_day2\use_scanf\Debug\vc110.idb
C:\Users\YC\Downloads\Code\c_day2\use_scanf\Debug\vc110.pdb
C:\Users\YC\Downloads\Code\c_day2\Debug\use_scanf.pdb
C:\Users\YC\Downloads\Code\c_day2\Debug\use_scanf.exe
C:\Users\YC\Downloads\Code\c_day2\Debug\use_scanf.ilk
